/home/ruben/projects/sportscargame/node_modules/vue-grid-layout/dist/vue-grid-layout.common.js:9060 [interact.js] The "@interactjs/*/index" packages are not quite stable yet. Use them with caution.
bc21 @ /home/ruben/projects/sportscargame/node_modules/vue-grid-layout/dist/vue-grid-layout.common.js:9060
__webpack_require__ @ /home/ruben/projects/sportscargame/node_modules/vue-grid-layout/dist/vue-grid-layout.common.js:22
(anonymous) @ /home/ruben/projects/sportscargame/node_modules/vue-grid-layout/dist/vue-grid-layout.common.js:1167
2af9 @ /home/ruben/projects/sportscargame/node_modules/vue-grid-layout/dist/vue-grid-layout.common.js:1209
__webpack_require__ @ /home/ruben/projects/sportscargame/node_modules/vue-grid-layout/dist/vue-grid-layout.common.js:22
fb15 @ /home/ruben/projects/sportscargame/node_modules/vue-grid-layout/dist/vue-grid-layout.common.js:13935
__webpack_require__ @ /home/ruben/projects/sportscargame/node_modules/vue-grid-layout/dist/vue-grid-layout.common.js:22
(anonymous) @ /home/ruben/projects/sportscargame/node_modules/vue-grid-layout/dist/vue-grid-layout.common.js:86
(anonymous) @ /home/ruben/projects/sportscargame/node_modules/vue-grid-layout/dist/vue-grid-layout.common.js:89
(anonymous) @ /home/ruben/projects/sportscargame/node_modules/vue-grid-layout/dist/vue-grid-layout.common.js:13976
Module._compile @ internal/modules/cjs/loader.js:968
Module._extensions..js @ internal/modules/cjs/loader.js:986
Module.load @ internal/modules/cjs/loader.js:816
Module._load @ internal/modules/cjs/loader.js:728
Module._load @ electron/js2c/asar.js:717
Module._load @ electron/js2c/asar.js:717
Module.require @ internal/modules/cjs/loader.js:853
require @ internal/modules/cjs/helpers.js:74
eval @ external "vue-grid-layout"?f13b:1
vue-grid-layout @ app.js:728
__webpack_require__ @ runtime.js:854
fn @ runtime.js:151
eval @ vue-grid-layout.js?d9a2:1
./src/renderer/plugins/vue-grid-layout.js @ app.js:555
__webpack_require__ @ runtime.js:854
fn @ runtime.js:151
eval @ index.js:48
./src/renderer/.nuxt/index.js @ app.js:280
__webpack_require__ @ runtime.js:854
fn @ runtime.js:151
eval @ client.js:49
./src/renderer/.nuxt/client.js @ app.js:184
__webpack_require__ @ runtime.js:854
fn @ runtime.js:151
0 @ app.js:617
__webpack_require__ @ runtime.js:854
checkDeferredModules @ runtime.js:46
webpackJsonpCallback @ runtime.js:33
(anonymous) @ app.js:1
Show 9 more frames
DevTools failed to parse SourceMap: http://localhost:9080/home/ruben/projects/sportscargame/node_modules/vue-grid-layout/dist/vue-grid-layout.common.js.map
vue.runtime.common.dev.js?0359:8403 Download the Vue Devtools extension for a better development experience:
https://github.com/vuejs/vue-devtools
vue.runtime.common.dev.js?0359:8412 You are running Vue in development mode.
Make sure to turn on production mode when deploying for production.
See more tips at https://vuejs.org/guide/deployment.html
/home/ruben/projects/sportscargame/node_modules/vue/dist/vue.runtime.common.dev.js:8403 Download the Vue Devtools extension for a better development experience:
https://github.com/vuejs/vue-devtools
/home/ruben/projects/sportscargame/node_modules/vue/dist/vue.runtime.common.dev.js:8412 You are running Vue in development mode.
Make sure to turn on production mode when deploying for production.
See more tips at https://vuejs.org/guide/deployment.html
vue-socketio.js?5132:10 Vue-Socket.io: Received connection string 
vue-socketio.js?5132:10 Vue-Socket.io: Vuex adapter enabled 
vue-socketio.js?5132:10 Vue-Socket.io: Vuex socket mutations enabled 
vue-socketio.js?5132:10 Vue-Socket.io: Vuex socket actions enabled 
vue-socketio.js?5132:10 Vue-Socket.io: Vue-Socket.io plugin enabled 
client.js?e0ba:95 [HMR] connected
client.js?e0ba:195 [HMR] bundle 'client' has 1 warnings
client.js?e0ba:196 ./src/renderer/components/common/Dashboard.vue?vue&type=template&id=71960cb6&scoped=true& (./node_modules/vue-loader/lib/loaders/templateLoader.js??vue-loader-options!./node_modules/@nuxt/components/dist/loader.js??ref--0-0!./node_modules/vue-loader/lib??vue-loader-options!./src/renderer/components/common/Dashboard.vue?vue&type=template&id=71960cb6&scoped=true&)Module Warning (from ./node_modules/vue-loader/lib/loaders/templateLoader.js):(Emitted value instead of an instance of Error) <grid-item v-for="item in layout">: component lists rendered with v-for should have explicit keys. See https://vuejs.org/guide/list.html#key for more info.
vue-socketio.js?5132:10 Vue-Socket.io: Dispatching Action: cars/SOCKET_entryAsk, Data: 08PV5WpiBo_C6N-IAAAM
vue-socketio.js?5132:10 Vue-Socket.io: Dispatching Action: user/SOCKET_entryAsk, Data: 08PV5WpiBo_C6N-IAAAM
vue-socketio.js?5132:10 Vue-Socket.io: Dispatching Action: team/SOCKET_teamUpdate, Data: {data: {…}, telemetry: {…}}
vue-socketio.js?5132:10 Vue-Socket.io: Dispatching Action: cars/SOCKET_updateCars, Data: (30) [{…}, {…}, {…}, {…}, {…}, {…}, {…}, {…}, {…}, {…}, {…}, {…}, {…}, {…}, {…}, {…}, {…}, {…}, {…}, {…}, {…}, {…}, {…}, {…}, {…}, {…}, {…}, {…}, {…}, {…}]
[Violation] 'message' handler took <N>ms
[Violation] 'message' handler took <N>ms
[Violation] 'message' handler took <N>ms
[Violation] 'message' handler took <N>ms
[Violation] 'message' handler took <N>ms
[Violation] 'message' handler took <N>ms
[Violation] 'message' handler took <N>ms
[Violation] 'message' handler took <N>ms
[Violation] 'message' handler took <N>ms
[Violation] 'message' handler took <N>ms
[Violation] 'message' handler took <N>ms
[Violation] 'message' handler took <N>ms
[Violation] 'message' handler took <N>ms
[Violation] 'message' handler took <N>ms
[Violation] 'message' handler took <N>ms
[Violation] 'message' handler took <N>ms
[Violation] 'message' handler took <N>ms
[Violation] 'message' handler took <N>ms
[Violation] 'message' handler took <N>ms
[Violation] 'message' handler took <N>ms
[Violation] 'message' handler took <N>ms
[Violation] 'message' handler took <N>ms
[Violation] 'message' handler took <N>ms
[Violation] 'message' handler took <N>ms
[Violation] 'message' handler took <N>ms
[Violation] 'message' handler took <N>ms
[Violation] 'message' handler took <N>ms
[Violation] 'message' handler took <N>ms
[Violation] 'message' handler took <N>ms
[Violation] 'message' handler took <N>ms
The resource http://localhost:9080/_nuxt/app.d76d010bcbe2a405d5c5.hot-update.js was preloaded using link preload but not used within a few seconds from the window's load event. Please make sure it has an appropriate `as` value and it is preloaded intentionally.
vue-socketio.js?5132:10 Vue-Socket.io: Dispatching Action: team/SOCKET_teamUpdate, Data: {data: {…}, telemetry: {…}}
vue-socketio.js?5132:10 Vue-Socket.io: Dispatching Action: cars/SOCKET_updateCars, Data: (30) [{…}, {…}, {…}, {…}, {…}, {…}, {…}, {…}, {…}, {…}, {…}, {…}, {…}, {…}, {…}, {…}, {…}, {…}, {…}, {…}, {…}, {…}, {…}, {…}, {…}, {…}, {…}, {…}, {…}, {…}]
vue-socketio.js?5132:10 Vue-Socket.io: Dispatching Action: team/SOCKET_teamUpdate, Data: {data: {…}, telemetry: {…}}
vue-socketio.js?5132:10 Vue-Socket.io: Dispatching Action: cars/SOCKET_updateCars, Data: (30) [{…}, {…}, {…}, {…}, {…}, {…}, {…}, {…}, {…}, {…}, {…}, {…}, {…}, {…}, {…}, {…}, {…}, {…}, {…}, {…}, {…}, {…}, {…}, {…}, {…}, {…}, {…}, {…}, {…}, {…}]
vue-socketio.js?5132:10 Vue-Socket.io: Dispatching Action: team/SOCKET_teamUpdate, Data: {data: {…}, telemetry: {…}}
vue-socketio.js?5132:10 Vue-Socket.io: Dispatching Action: cars/SOCKET_updateCars, Data: (30) [{…}, {…}, {…}, {…}, {…}, {…}, {…}, {…}, {…}, {…}, {…}, {…}, {…}, {…}, {…}, {…}, {…}, {…}, {…}, {…}, {…}, {…}, {…}, {…}, {…}, {…}, {…}, {…}, {…}, {…}]0: car2: "Toyota TS050 - Hybrid"category: "LMP1"laps: 0lapdistance: 4884.882135648617percentage: 69.77406278601082speed: 232carnumber: 7realdeal: ObjectEntryNumber: 7category: "LMP1"drivers: Array(3)currentDriverIndex: 0car: Objectchassis: "Toyota TS050 - Hybrid"category: "LMP1"extra: Object__ob__: Observer {value: {…}, dep: Dep, vmCount: 0}get chassis: ƒ reactiveGetter()set chassis: ƒ reactiveSetter(newVal)get category: ƒ reactiveGetter()set category: ƒ reactiveSetter(newVal)get extra: ƒ reactiveGetter()set extra: ƒ reactiveSetter(newVal)__proto__: Object__ob__: Observer {value: {…}, dep: Dep, vmCount: 0}get EntryNumber: ƒ reactiveGetter()set EntryNumber: ƒ reactiveSetter(newVal)get category: ƒ reactiveGetter()set category: ƒ reactiveSetter(newVal)get drivers: ƒ reactiveGetter()set drivers: ƒ reactiveSetter(newVal)get currentDriverIndex: ƒ reactiveGetter()set currentDriverIndex: ƒ reactiveSetter(newVal)get car: ƒ reactiveGetter()set car: ƒ reactiveSetter(newVal)__proto__: Object__ob__: Observer {value: {…}, dep: Dep, vmCount: 0}get car2: ƒ reactiveGetter()set car2: ƒ reactiveSetter(newVal)get category: ƒ reactiveGetter()set category: ƒ reactiveSetter(newVal)get laps: ƒ reactiveGetter()set laps: ƒ reactiveSetter(newVal)get lapdistance: ƒ reactiveGetter()set lapdistance: ƒ reactiveSetter(newVal)get percentage: ƒ reactiveGetter()set percentage: ƒ reactiveSetter(newVal)get speed: ƒ reactiveGetter()set speed: ƒ reactiveSetter(newVal)get carnumber: ƒ reactiveGetter()set carnumber: ƒ reactiveSetter(newVal)get realdeal: ƒ reactiveGetter()set realdeal: ƒ reactiveSetter(newVal)__proto__: Object1: {…}2: {…}3: {…}4: {…}5: {…}6: {…}7: {…}8: {…}9: {…}10: {…}11: {…}12: {…}13: {…}14: {…}15: {…}16: {…}17: {…}18: {…}19: {…}20: {…}21: {…}22: {…}23: {…}24: {…}25: {…}26: {…}27: {…}28: {…}29: {…}length: 30__ob__: Observer {value: Array(30), dep: Dep, vmCount: 0}__proto__: Array
vue-socketio.js?5132:10 Vue-Socket.io: Dispatching Action: team/SOCKET_teamUpdate, Data: {data: {…}, telemetry: {…}}
vue-socketio.js?5132:10 Vue-Socket.io: Dispatching Action: cars/SOCKET_updateCars, Data: (30) [{…}, {…}, {…}, {…}, {…}, {…}, {…}, {…}, {…}, {…}, {…}, {…}, {…}, {…}, {…}, {…}, {…}, {…}, {…}, {…}, {…}, {…}, {…}, {…}, {…}, {…}, {…}, {…}, {…}, {…}]
vue-socketio.js?5132:10 Vue-Socket.io: Dispatching Action: team/SOCKET_teamUpdate, Data: {data: {…}, telemetry: {…}}
vue-socketio.js?5132:10 Vue-Socket.io: Dispatching Action: cars/SOCKET_updateCars, Data: (30) [{…}, {…}, {…}, {…}, {…}, {…}, {…}, {…}, {…}, {…}, {…}, {…}, {…}, {…}, {…}, {…}, {…}, {…}, {…}, {…}, {…}, {…}, {…}, {…}, {…}, {…}, {…}, {…}, {…}, {…}]
vue-socketio.js?5132:10 Vue-Socket.io: Dispatching Action: team/SOCKET_teamUpdate, Data: {data: {…}, telemetry: {…}}
vue-socketio.js?5132:10 Vue-Socket.io: Dispatching Action: cars/SOCKET_updateCars, Data: (30) [{…}, {…}, {…}, {…}, {…}, {…}, {…}, {…}, {…}, {…}, {…}, {…}, {…}, {…}, {…}, {…}, {…}, {…}, {…}, {…}, {…}, {…}, {…}, {…}, {…}, {…}, {…}, {…}, {…}, {…}]
vue-socketio.js?5132:10 Vue-Socket.io: Dispatching Action: team/SOCKET_teamUpdate, Data: {data: {…}, telemetry: {…}}
vue-socketio.js?5132:10 Vue-Socket.io: Dispatching Action: cars/SOCKET_updateCars, Data: (30) [{…}, {…}, {…}, {…}, {…}, {…}, {…}, {…}, {…}, {…}, {…}, {…}, {…}, {…}, {…}, {…}, {…}, {…}, {…}, {…}, {…}, {…}, {…}, {…}, {…}, {…}, {…}, {…}, {…}, {…}]
vue-socketio.js?5132:10 Vue-Socket.io: Dispatching Action: team/SOCKET_teamUpdate, Data: {data: {…}, telemetry: {…}}
vue-socketio.js?5132:10 Vue-Socket.io: Dispatching Action: cars/SOCKET_updateCars, Data: (30) [{…}, {…}, {…}, {…}, {…}, {…}, {…}, {…}, {…}, {…}, {…}, {…}, {…}, {…}, {…}, {…}, {…}, {…}, {…}, {…}, {…}, {…}, {…}, {…}, {…}, {…}, {…}, {…}, {…}, {…}]
vue-socketio.js?5132:10 Vue-Socket.io: Dispatching Action: team/SOCKET_teamUpdate, Data: {data: {…}, telemetry: {…}}
vue-socketio.js?5132:10 Vue-Socket.io: Dispatching Action: cars/SOCKET_updateCars, Data: (30) [{…}, {…}, {…}, {…}, {…}, {…}, {…}, {…}, {…}, {…}, {…}, {…}, {…}, {…}, {…}, {…}, {…}, {…}, {…}, {…}, {…}, {…}, {…}, {…}, {…}, {…}, {…}, {…}, {…}, {…}]
vue-socketio.js?5132:10 Vue-Socket.io: Dispatching Action: team/SOCKET_teamUpdate, Data: {data: {…}, telemetry: {…}}
vue-socketio.js?5132:10 Vue-Socket.io: Dispatching Action: cars/SOCKET_updateCars, Data: (30) [{…}, {…}, {…}, {…}, {…}, {…}, {…}, {…}, {…}, {…}, {…}, {…}, {…}, {…}, {…}, {…}, {…}, {…}, {…}, {…}, {…}, {…}, {…}, {…}, {…}, {…}, {…}, {…}, {…}, {…}]
vue-socketio.js?5132:10 Vue-Socket.io: Dispatching Action: team/SOCKET_teamUpdate, Data: {data: {…}, telemetry: {…}}
vue-socketio.js?5132:10 Vue-Socket.io: Dispatching Action: cars/SOCKET_updateCars, Data: (30) [{…}, {…}, {…}, {…}, {…}, {…}, {…}, {…}, {…}, {…}, {…}, {…}, {…}, {…}, {…}, {…}, {…}, {…}, {…}, {…}, {…}, {…}, {…}, {…}, {…}, {…}, {…}, {…}, {…}, {…}]
vue-socketio.js?5132:10 Vue-Socket.io: Dispatching Action: team/SOCKET_teamUpdate, Data: {data: {…}, telemetry: {…}}
vue-socketio.js?5132:10 Vue-Socket.io: Dispatching Action: cars/SOCKET_updateCars, Data: (30) [{…}, {…}, {…}, {…}, {…}, {…}, {…}, {…}, {…}, {…}, {…}, {…}, {…}, {…}, {…}, {…}, {…}, {…}, {…}, {…}, {…}, {…}, {…}, {…}, {…}, {…}, {…}, {…}, {…}, {…}]
vue-socketio.js?5132:10 Vue-Socket.io: Dispatching Action: team/SOCKET_teamUpdate, Data: {data: {…}, telemetry: {…}}
vue-socketio.js?5132:10 Vue-Socket.io: Dispatching Action: cars/SOCKET_updateCars, Data: (30) [{…}, {…}, {…}, {…}, {…}, {…}, {…}, {…}, {…}, {…}, {…}, {…}, {…}, {…}, {…}, {…}, {…}, {…}, {…}, {…}, {…}, {…}, {…}, {…}, {…}, {…}, {…}, {…}, {…}, {…}]
vue-socketio.js?5132:10 Vue-Socket.io: Dispatching Action: team/SOCKET_teamUpdate, Data: {data: {…}, telemetry: {…}}
vue-socketio.js?5132:10 Vue-Socket.io: Dispatching Action: cars/SOCKET_updateCars, Data: (30) [{…}, {…}, {…}, {…}, {…}, {…}, {…}, {…}, {…}, {…}, {…}, {…}, {…}, {…}, {…}, {…}, {…}, {…}, {…}, {…}, {…}, {…}, {…}, {…}, {…}, {…}, {…}, {…}, {…}, {…}]
vue-socketio.js?5132:10 Vue-Socket.io: Dispatching Action: team/SOCKET_teamUpdate, Data: {data: {…}, telemetry: {…}}
temp1
(30) [{…}, {…}, {…}, {…}, {…}, {…}, {…}, {…}, {…}, {…}, {…}, {…}, {…}, {…}, {…}, {…}, {…}, {…}, {…}, {…}, {…}, {…}, {…}, {…}, {…}, {…}, {…}, {…}, {…}, {…}, __ob__: Observer]
vue-socketio.js?5132:10 Vue-Socket.io: Dispatching Action: cars/SOCKET_updateCars, Data: (30) [{…}, {…}, {…}, {…}, {…}, {…}, {…}, {…}, {…}, {…}, {…}, {…}, {…}, {…}, {…}, {…}, {…}, {…}, {…}, {…}, {…}, {…}, {…}, {…}, {…}, {…}, {…}, {…}, {…}, {…}]
vue-socketio.js?5132:10 Vue-Socket.io: Dispatching Action: team/SOCKET_teamUpdate, Data: {data: {…}, telemetry: {…}}
